<?xml version="1.0" encoding="UTF-8"?>
<testsuite name="com.leszko.calculator.CalculatorTest" tests="4" skipped="0" failures="0" errors="0" timestamp="2026-06-16T02:38:26" hostname="Stark" time="0.005">
  <properties/>
  <testcase name="testSum" classname="com.leszko.calculator.CalculatorTest" time="0.003"/>
  <testcase name="testProduct" classname="com.leszko.calculator.CalculatorTest" time="0.0"/>
  <testcase name="testQuotient" classname="com.leszko.calculator.CalculatorTest" time="0.0"/>
  <testcase name="testDifference" classname="com.leszko.calculator.CalculatorTest" time="0.0"/>
  <system-out><![CDATA[]]></system-out>
  <system-err><![CDATA[]]></system-err>
</testsuite>
